2022-01-17 11:40:05,406  INFO [main] MainRunner:14 - URL Opened
2022-01-17 11:40:06,840  INFO [main] MainRunner:14 - Page opend with title Book Outstation Cabs, Local & Airport Taxi Service - India's Leading Car Rentals
2022-01-17 11:40:08,026  INFO [main] MainRunner:14 - button is clicked in page button
2022-01-17 11:40:08,809  INFO [main] MainRunner:14 - name is clicked in page id
2022-01-17 11:40:09,650  INFO [main] MainRunner:14 - name is send in page id
2022-01-17 11:40:10,521  INFO [main] MainRunner:14 - pass is clicked in page pwd
2022-01-17 11:40:11,100  INFO [main] MainRunner:14 - pass is send in page pwd
2022-01-17 11:40:11,852  INFO [main] MainRunner:14 - click is clicked in page login
2022-01-17 11:40:12,578  INFO [main] MainRunner:14 - Successfully logged in
2022-01-17 11:40:13,609  INFO [main] MainRunner:14 - playstore is clicked in page playstore
2022-01-17 11:40:19,641  INFO [main] MainRunner:14 - playsrore detail shown 
2022-01-17 11:40:20,487  INFO [main] MainRunner:14 - home page is clicked in page home page
2022-01-17 11:40:21,586  INFO [main] MainRunner:14 - from place is clicked in page from
2022-01-17 11:40:22,377  INFO [main] MainRunner:14 - place is send in page from
2022-01-17 11:40:23,379  INFO [main] MainRunner:14 - place is clicked in page to
2022-01-17 11:40:24,331  INFO [main] MainRunner:14 - place is send in page to
2022-01-17 11:40:25,353  INFO [main] MainRunner:14 - place is clicked in page to
2022-01-17 11:40:26,749  INFO [main] MainRunner:14 - selected is clicked in page select
2022-01-17 11:40:27,078  INFO [main] MainRunner:14 - Successfully verified
2022-01-17 11:40:28,307  INFO [main] MainRunner:14 - home page is clicked in page home page
2022-01-17 11:40:31,229  INFO [main] MainRunner:14 - airport is clicked in page airport
2022-01-17 11:40:32,375  INFO [main] MainRunner:14 - dropaddress is clicked in page address
2022-01-17 11:40:33,142  INFO [main] MainRunner:14 - dropaddress is send in page address
2022-01-17 11:40:34,225  INFO [main] MainRunner:14 - dropaddress is clicked in page address
2022-01-17 11:40:35,196  INFO [main] MainRunner:14 - selected is clicked in page select
2022-01-17 11:40:38,142  INFO [main] MainRunner:14 - select car is clicked in page select
2022-01-17 11:40:38,847  INFO [main] MainRunner:14 - booking detail shown 
2022-01-17 11:40:39,663  INFO [main] MainRunner:14 - home page is clicked in page home page
2022-01-17 11:40:42,673  INFO [main] MainRunner:14 - outstation is clicked is clicked in page outstation is clicked
2022-01-17 11:40:43,572  INFO [main] MainRunner:14 - round is clicked in page round
2022-01-17 11:40:44,611  INFO [main] MainRunner:14 - selected is clicked in page select
2022-01-17 11:40:47,426  INFO [main] MainRunner:14 - select car is clicked in page select
2022-01-17 11:40:47,960  INFO [main] MainRunner:14 - booking detail shown 
2022-01-17 11:40:48,612  INFO [main] MainRunner:14 - home page is clicked in page home page
2022-01-17 11:40:49,583  INFO [main] MainRunner:14 - local is clicked in page local
2022-01-17 11:40:50,470  INFO [main] MainRunner:14 - selected is clicked in page select
2022-01-17 11:40:53,289  INFO [main] MainRunner:14 - select car is clicked in page select
2022-01-17 11:40:53,916  INFO [main] MainRunner:14 - booking detail shown 
2022-01-17 11:40:54,587  INFO [main] MainRunner:14 - home page is clicked in page home page
2022-01-17 11:40:55,544  INFO [main] MainRunner:14 - car rental is clicked in page rental
2022-01-17 11:40:58,318  INFO [main] MainRunner:14 - name is clicked in page name
2022-01-17 11:40:59,215  INFO [main] MainRunner:14 - name is send in page name
2022-01-17 11:41:00,301  INFO [main] MainRunner:14 - company name is clicked in page compname
2022-01-17 11:41:01,195  INFO [main] MainRunner:14 - company name is send in page compname
2022-01-17 11:41:02,304  INFO [main] MainRunner:14 - email is clicked in page email
2022-01-17 11:41:03,303  INFO [main] MainRunner:14 - email is send in page email
2022-01-17 11:41:04,405  INFO [main] MainRunner:14 - phone no is clicked in page phoneno
2022-01-17 11:41:05,326  INFO [main] MainRunner:14 - phone no is send in page phoneno
2022-01-17 11:41:08,586  INFO [main] MainRunner:14 - submit is clicked in page submit
2022-01-17 11:41:12,626  INFO [main] MainRunner:14 - result detail shown 
2022-01-17 11:41:13,809  INFO [main] MainRunner:14 - home page is clicked in page home page
2022-01-17 11:41:14,416  INFO [main] MainRunner:14 - clickbutton is clicked in page clickbutton
2022-01-17 11:41:15,050  INFO [main] MainRunner:14 - done is clicked in page done
2022-01-17 11:41:15,742  INFO [main] MainRunner:14 - insta is clicked is clicked in page insta is clicked
2022-01-17 11:41:21,714  INFO [main] MainRunner:14 - result detail shown 
